{"uid":"181dbcef5d23dc69","name":"test_INT_AUTH_05_login_and_access_protected","fullName":"src.test.integration.auth_module.test_auth_login#test_INT_AUTH_05_login_and_access_protected","historyId":"8e085640132fa0002d630dbd3dbad1f4","time":{"start":1765879586090,"stop":1765879586090,"duration":0},"status":"failed","statusMessage":"AssertionError: assert 'data' in {}","statusTrace":"login_token_factory = <function login_token_factory.<locals>._login at 0x7f2352922b60>\n\n    @pytest.fixture\n    def customer_token(login_token_factory):\n        \"\"\"\n        Token user CUSTOMER\n        \"\"\"\n>       return login_token_factory(\"CUSTOMER\")\n               ^^^^^^^^^^^^^^^^^^^^^^^^^^^^^^^\n\nsrc/test/conftest.py:121: \n_ _ _ _ _ _ _ _ _ _ _ _ _ _ _ _ _ _ _ _ _ _ _ _ _ _ _ _ _ _ _ _ _ _ _ _ _ _ _ _ \n\nrole = 'CUSTOMER'\n\n    def _login(role: str):\n        user = register_user_factory(role)\n    \n        res = requests.post(\n            f\"{base_url}/auth/login\",\n            json={\n                \"email\": user[\"email\"],\n                \"password\": user[\"password\"]\n            }\n        )\n    \n        assert res.status_code == 200\n        body = safe_json(res)\n    \n>       assert \"data\" in body\nE       AssertionError: assert 'data' in {}\n\nsrc/test/conftest.py:104: AssertionError","flaky":false,"newFailed":false,"newBroken":false,"newPassed":false,"retriesCount":0,"retriesStatusChange":false,"beforeStages":[{"name":"register_user_factory","time":{"start":1765879586090,"stop":1765879586090,"duration":0},"status":"passed","steps":[],"attachments":[],"parameters":[],"shouldDisplayMessage":false,"stepsCount":0,"attachmentsCount":0,"hasContent":false,"attachmentStep":false},{"name":"base_url","time":{"start":1765879586090,"stop":1765879586090,"duration":0},"status":"passed","steps":[],"attachments":[],"parameters":[],"shouldDisplayMessage":false,"stepsCount":0,"attachmentsCount":0,"hasContent":false,"attachmentStep":false},{"name":"login_token_factory","time":{"start":1765879586091,"stop":1765879586091,"duration":0},"status":"passed","steps":[],"attachments":[],"parameters":[],"shouldDisplayMessage":false,"stepsCount":0,"attachmentsCount":0,"hasContent":false,"attachmentStep":false},{"name":"customer_token","time":{"start":1765879586091,"stop":1765879586266,"duration":175},"status":"failed","statusMessage":"AssertionError: assert 'data' in {}\n","statusTrace":"  File \"/opt/hostedtoolcache/Python/3.11.14/x64/lib/python3.11/site-packages/pluggy/_callers.py\", line 38, in run_old_style_hookwrapper\n    res = yield\n          ^^^^^\n  File \"/opt/hostedtoolcache/Python/3.11.14/x64/lib/python3.11/site-packages/pluggy/_callers.py\", line 139, in _multicall\n    teardown.throw(exception)\n  File \"/opt/hostedtoolcache/Python/3.11.14/x64/lib/python3.11/site-packages/_pytest/setuponly.py\", line 36, in pytest_fixture_setup\n    return (yield)\n            ^^^^^\n  File \"/opt/hostedtoolcache/Python/3.11.14/x64/lib/python3.11/site-packages/pluggy/_callers.py\", line 121, in _multicall\n    res = hook_impl.function(*args)\n          ^^^^^^^^^^^^^^^^^^^^^^^^^\n  File \"/opt/hostedtoolcache/Python/3.11.14/x64/lib/python3.11/site-packages/_pytest/fixtures.py\", line 1202, in pytest_fixture_setup\n    result = call_fixture_func(fixturefunc, request, kwargs)\n             ^^^^^^^^^^^^^^^^^^^^^^^^^^^^^^^^^^^^^^^^^^^^^^^\n  File \"/opt/hostedtoolcache/Python/3.11.14/x64/lib/python3.11/site-packages/_pytest/fixtures.py\", line 915, in call_fixture_func\n    fixture_result = fixturefunc(**kwargs)\n                     ^^^^^^^^^^^^^^^^^^^^^\n  File \"/home/runner/work/Fast-Food-App/Fast-Food-App/backend/src/test/conftest.py\", line 121, in customer_token\n    return login_token_factory(\"CUSTOMER\")\n           ^^^^^^^^^^^^^^^^^^^^^^^^^^^^^^^\n  File \"/home/runner/work/Fast-Food-App/Fast-Food-App/backend/src/test/conftest.py\", line 104, in _login\n    assert \"data\" in body\n","steps":[],"attachments":[],"parameters":[],"shouldDisplayMessage":true,"stepsCount":0,"attachmentsCount":0,"hasContent":true,"attachmentStep":false}],"afterStages":[],"labels":[{"name":"parentSuite","value":"src.test.integration.auth_module"},{"name":"suite","value":"test_auth_login"},{"name":"host","value":"runnervm6qbrg"},{"name":"thread","value":"3022-MainThread"},{"name":"framework","value":"pytest"},{"name":"language","value":"cpython3"},{"name":"package","value":"src.test.integration.auth_module.test_auth_login"},{"name":"resultFormat","value":"allure2"}],"parameters":[],"links":[],"hidden":false,"retry":false,"extra":{"severity":"normal","retries":[],"categories":[{"name":"Product defects","matchedStatuses":[],"flaky":false}],"tags":[]},"source":"181dbcef5d23dc69.json","parameterValues":[]}