{"uid":"6d92ceae6d986dfb","name":"test_INT_AUTH_10_idempotent_deactivate","fullName":"src.test.integration.auth_module.test_user_deactivate#test_INT_AUTH_10_idempotent_deactivate","historyId":"927da332ba8301830c35d8a5e9e28cae","time":{"start":1765880002281,"stop":1765880002281,"duration":0},"status":"failed","statusMessage":"AssertionError: Login response invalid: {}\nassert 'data' in {}","statusTrace":"login_token_factory = <function login_token_factory.<locals>._login at 0x7f9adad4d620>\n\n    @pytest.fixture\n    def customer_token(login_token_factory):\n        \"\"\"JWT token cá»§a user CUSTOMER\"\"\"\n>       return login_token_factory(\"CUSTOMER\")\n               ^^^^^^^^^^^^^^^^^^^^^^^^^^^^^^^\n\nsrc/test/conftest.py:128: \n_ _ _ _ _ _ _ _ _ _ _ _ _ _ _ _ _ _ _ _ _ _ _ _ _ _ _ _ _ _ _ _ _ _ _ _ _ _ _ _ \n\nrole = 'CUSTOMER'\n\n    def _login(role: str):\n        user = register_user_factory(role)\n    \n        res = requests.post(\n            f\"{base_url}/auth/login\",\n            json={\n                \"email\": user[\"email\"],\n                \"password\": user[\"password\"]\n            }\n        )\n    \n        assert res.status_code == 200\n    \n        body = safe_json(res)\n>       assert \"data\" in body, f\"Login response invalid: {body}\"\nE       AssertionError: Login response invalid: {}\nE       assert 'data' in {}\n\nsrc/test/conftest.py:113: AssertionError","flaky":false,"newFailed":false,"newBroken":false,"newPassed":false,"retriesCount":0,"retriesStatusChange":false,"beforeStages":[{"name":"register_user_factory","time":{"start":1765880002281,"stop":1765880002281,"duration":0},"status":"passed","steps":[],"attachments":[],"parameters":[],"shouldDisplayMessage":false,"stepsCount":0,"attachmentsCount":0,"hasContent":false,"attachmentStep":false},{"name":"base_url","time":{"start":1765880002281,"stop":1765880002281,"duration":0},"status":"passed","steps":[],"attachments":[],"parameters":[],"shouldDisplayMessage":false,"stepsCount":0,"attachmentsCount":0,"hasContent":false,"attachmentStep":false},{"name":"login_token_factory","time":{"start":1765880002282,"stop":1765880002282,"duration":0},"status":"passed","steps":[],"attachments":[],"parameters":[],"shouldDisplayMessage":false,"stepsCount":0,"attachmentsCount":0,"hasContent":false,"attachmentStep":false},{"name":"customer_token","time":{"start":1765880002282,"stop":1765880002448,"duration":166},"status":"failed","statusMessage":"AssertionError: Login response invalid: {}\nassert 'data' in {}\n","statusTrace":"  File \"/opt/hostedtoolcache/Python/3.11.14/x64/lib/python3.11/site-packages/pluggy/_callers.py\", line 38, in run_old_style_hookwrapper\n    res = yield\n          ^^^^^\n  File \"/opt/hostedtoolcache/Python/3.11.14/x64/lib/python3.11/site-packages/pluggy/_callers.py\", line 139, in _multicall\n    teardown.throw(exception)\n  File \"/opt/hostedtoolcache/Python/3.11.14/x64/lib/python3.11/site-packages/_pytest/setuponly.py\", line 36, in pytest_fixture_setup\n    return (yield)\n            ^^^^^\n  File \"/opt/hostedtoolcache/Python/3.11.14/x64/lib/python3.11/site-packages/pluggy/_callers.py\", line 121, in _multicall\n    res = hook_impl.function(*args)\n          ^^^^^^^^^^^^^^^^^^^^^^^^^\n  File \"/opt/hostedtoolcache/Python/3.11.14/x64/lib/python3.11/site-packages/_pytest/fixtures.py\", line 1202, in pytest_fixture_setup\n    result = call_fixture_func(fixturefunc, request, kwargs)\n             ^^^^^^^^^^^^^^^^^^^^^^^^^^^^^^^^^^^^^^^^^^^^^^^\n  File \"/opt/hostedtoolcache/Python/3.11.14/x64/lib/python3.11/site-packages/_pytest/fixtures.py\", line 915, in call_fixture_func\n    fixture_result = fixturefunc(**kwargs)\n                     ^^^^^^^^^^^^^^^^^^^^^\n  File \"/home/runner/work/Fast-Food-App/Fast-Food-App/backend/src/test/conftest.py\", line 128, in customer_token\n    return login_token_factory(\"CUSTOMER\")\n           ^^^^^^^^^^^^^^^^^^^^^^^^^^^^^^^\n  File \"/home/runner/work/Fast-Food-App/Fast-Food-App/backend/src/test/conftest.py\", line 113, in _login\n    assert \"data\" in body, f\"Login response invalid: {body}\"\n","steps":[],"attachments":[],"parameters":[],"shouldDisplayMessage":true,"stepsCount":0,"attachmentsCount":0,"hasContent":true,"attachmentStep":false}],"afterStages":[],"labels":[{"name":"parentSuite","value":"src.test.integration.auth_module"},{"name":"suite","value":"test_user_deactivate"},{"name":"host","value":"runnervm6qbrg"},{"name":"thread","value":"3031-MainThread"},{"name":"framework","value":"pytest"},{"name":"language","value":"cpython3"},{"name":"package","value":"src.test.integration.auth_module.test_user_deactivate"},{"name":"resultFormat","value":"allure2"}],"parameters":[],"links":[],"hidden":false,"retry":false,"extra":{"severity":"normal","retries":[],"categories":[{"name":"Product defects","matchedStatuses":[],"flaky":false}],"tags":[]},"source":"6d92ceae6d986dfb.json","parameterValues":[]}