{"uid":"725f2ff591b55b1d","name":"test_INT_AUTH_08_deactivate_invalidates_token","fullName":"src.test.integration.auth_module.test_user_deactivate#test_INT_AUTH_08_deactivate_invalidates_token","historyId":"ee3d71261d1614b0f3707fe50bac2dd6","time":{"start":1765879586490,"stop":1765879586490,"duration":0},"status":"failed","statusMessage":"AssertionError: assert 'data' in {}","statusTrace":"login_token_factory = <function login_token_factory.<locals>._login at 0x7f2352921ee0>\n\n    @pytest.fixture\n    def customer_token(login_token_factory):\n        \"\"\"\n        Token user CUSTOMER\n        \"\"\"\n>       return login_token_factory(\"CUSTOMER\")\n               ^^^^^^^^^^^^^^^^^^^^^^^^^^^^^^^\n\nsrc/test/conftest.py:121: \n_ _ _ _ _ _ _ _ _ _ _ _ _ _ _ _ _ _ _ _ _ _ _ _ _ _ _ _ _ _ _ _ _ _ _ _ _ _ _ _ \n\nrole = 'CUSTOMER'\n\n    def _login(role: str):\n        user = register_user_factory(role)\n    \n        res = requests.post(\n            f\"{base_url}/auth/login\",\n            json={\n                \"email\": user[\"email\"],\n                \"password\": user[\"password\"]\n            }\n        )\n    \n        assert res.status_code == 200\n        body = safe_json(res)\n    \n>       assert \"data\" in body\nE       AssertionError: assert 'data' in {}\n\nsrc/test/conftest.py:104: AssertionError","flaky":false,"newFailed":false,"newBroken":false,"newPassed":false,"retriesCount":0,"retriesStatusChange":false,"beforeStages":[{"name":"base_url","time":{"start":1765879586490,"stop":1765879586490,"duration":0},"status":"passed","steps":[],"attachments":[],"parameters":[],"shouldDisplayMessage":false,"stepsCount":0,"attachmentsCount":0,"hasContent":false,"attachmentStep":false},{"name":"register_user_factory","time":{"start":1765879586490,"stop":1765879586490,"duration":0},"status":"passed","steps":[],"attachments":[],"parameters":[],"shouldDisplayMessage":false,"stepsCount":0,"attachmentsCount":0,"hasContent":false,"attachmentStep":false},{"name":"login_token_factory","time":{"start":1765879586490,"stop":1765879586490,"duration":0},"status":"passed","steps":[],"attachments":[],"parameters":[],"shouldDisplayMessage":false,"stepsCount":0,"attachmentsCount":0,"hasContent":false,"attachmentStep":false},{"name":"customer_token","time":{"start":1765879586491,"stop":1765879586664,"duration":173},"status":"failed","statusMessage":"AssertionError: assert 'data' in {}\n","statusTrace":"  File \"/opt/hostedtoolcache/Python/3.11.14/x64/lib/python3.11/site-packages/pluggy/_callers.py\", line 38, in run_old_style_hookwrapper\n    res = yield\n          ^^^^^\n  File \"/opt/hostedtoolcache/Python/3.11.14/x64/lib/python3.11/site-packages/pluggy/_callers.py\", line 139, in _multicall\n    teardown.throw(exception)\n  File \"/opt/hostedtoolcache/Python/3.11.14/x64/lib/python3.11/site-packages/_pytest/setuponly.py\", line 36, in pytest_fixture_setup\n    return (yield)\n            ^^^^^\n  File \"/opt/hostedtoolcache/Python/3.11.14/x64/lib/python3.11/site-packages/pluggy/_callers.py\", line 121, in _multicall\n    res = hook_impl.function(*args)\n          ^^^^^^^^^^^^^^^^^^^^^^^^^\n  File \"/opt/hostedtoolcache/Python/3.11.14/x64/lib/python3.11/site-packages/_pytest/fixtures.py\", line 1202, in pytest_fixture_setup\n    result = call_fixture_func(fixturefunc, request, kwargs)\n             ^^^^^^^^^^^^^^^^^^^^^^^^^^^^^^^^^^^^^^^^^^^^^^^\n  File \"/opt/hostedtoolcache/Python/3.11.14/x64/lib/python3.11/site-packages/_pytest/fixtures.py\", line 915, in call_fixture_func\n    fixture_result = fixturefunc(**kwargs)\n                     ^^^^^^^^^^^^^^^^^^^^^\n  File \"/home/runner/work/Fast-Food-App/Fast-Food-App/backend/src/test/conftest.py\", line 121, in customer_token\n    return login_token_factory(\"CUSTOMER\")\n           ^^^^^^^^^^^^^^^^^^^^^^^^^^^^^^^\n  File \"/home/runner/work/Fast-Food-App/Fast-Food-App/backend/src/test/conftest.py\", line 104, in _login\n    assert \"data\" in body\n","steps":[],"attachments":[],"parameters":[],"shouldDisplayMessage":true,"stepsCount":0,"attachmentsCount":0,"hasContent":true,"attachmentStep":false}],"afterStages":[],"labels":[{"name":"parentSuite","value":"src.test.integration.auth_module"},{"name":"suite","value":"test_user_deactivate"},{"name":"host","value":"runnervm6qbrg"},{"name":"thread","value":"3022-MainThread"},{"name":"framework","value":"pytest"},{"name":"language","value":"cpython3"},{"name":"package","value":"src.test.integration.auth_module.test_user_deactivate"},{"name":"resultFormat","value":"allure2"}],"parameters":[],"links":[],"hidden":false,"retry":false,"extra":{"severity":"normal","retries":[],"categories":[{"name":"Product defects","matchedStatuses":[],"flaky":false}],"tags":[]},"source":"725f2ff591b55b1d.json","parameterValues":[]}