{"uid":"95b5d679d7f5d6d7","name":"test_INT_AUTH_09_deactivate_send_email","fullName":"src.test.integration.auth_module.test_user_deactivate#test_INT_AUTH_09_deactivate_send_email","historyId":"a4e2d576f292a7c4808865d2c718d84e","time":{"start":1765878292467,"stop":1765878292467,"duration":0},"status":"failed","statusMessage":"AssertionError: assert 401 == 200\n +  where 401 = <Response [401]>.status_code","statusTrace":"base_url = 'http://localhost:8091/api'\nregister_user = {'address': 'HCM', 'email': 'ci_a43ee03cca4b463296997f32ea4c01e8@test.com', 'name': 'CI User', 'password': 'password123', ...}\n\n    @pytest.fixture\n    def login_token(base_url, register_user):\n        res = requests.post(\n            f\"{base_url}/auth/login\",\n            json={\n                \"email\": register_user[\"email\"],\n                \"password\": register_user[\"password\"]\n            }\n        )\n    \n>       assert res.status_code == 200\nE       assert 401 == 200\nE        +  where 401 = <Response [401]>.status_code\n\nsrc/test/conftest.py:71: AssertionError","flaky":false,"newFailed":false,"newBroken":false,"newPassed":false,"retriesCount":0,"retriesStatusChange":false,"beforeStages":[{"name":"base_url","time":{"start":1765878292467,"stop":1765878292467,"duration":0},"status":"passed","steps":[],"attachments":[],"parameters":[],"shouldDisplayMessage":false,"stepsCount":0,"attachmentsCount":0,"hasContent":false,"attachmentStep":false},{"name":"register_payload","time":{"start":1765878292468,"stop":1765878292468,"duration":0},"status":"passed","steps":[],"attachments":[],"parameters":[],"shouldDisplayMessage":false,"stepsCount":0,"attachmentsCount":0,"hasContent":false,"attachmentStep":false},{"name":"unique_email","time":{"start":1765878292468,"stop":1765878292468,"duration":0},"status":"passed","steps":[],"attachments":[],"parameters":[],"shouldDisplayMessage":false,"stepsCount":0,"attachmentsCount":0,"hasContent":false,"attachmentStep":false},{"name":"register_user","time":{"start":1765878292468,"stop":1765878292555,"duration":87},"status":"passed","steps":[],"attachments":[],"parameters":[],"shouldDisplayMessage":false,"stepsCount":0,"attachmentsCount":0,"hasContent":false,"attachmentStep":false},{"name":"login_token","time":{"start":1765878292555,"stop":1765878292639,"duration":84},"status":"failed","statusMessage":"AssertionError: assert 401 == 200\n +  where 401 = <Response [401]>.status_code\n","statusTrace":"  File \"/opt/hostedtoolcache/Python/3.11.14/x64/lib/python3.11/site-packages/pluggy/_callers.py\", line 38, in run_old_style_hookwrapper\n    res = yield\n          ^^^^^\n  File \"/opt/hostedtoolcache/Python/3.11.14/x64/lib/python3.11/site-packages/pluggy/_callers.py\", line 139, in _multicall\n    teardown.throw(exception)\n  File \"/opt/hostedtoolcache/Python/3.11.14/x64/lib/python3.11/site-packages/_pytest/setuponly.py\", line 36, in pytest_fixture_setup\n    return (yield)\n            ^^^^^\n  File \"/opt/hostedtoolcache/Python/3.11.14/x64/lib/python3.11/site-packages/pluggy/_callers.py\", line 121, in _multicall\n    res = hook_impl.function(*args)\n          ^^^^^^^^^^^^^^^^^^^^^^^^^\n  File \"/opt/hostedtoolcache/Python/3.11.14/x64/lib/python3.11/site-packages/_pytest/fixtures.py\", line 1202, in pytest_fixture_setup\n    result = call_fixture_func(fixturefunc, request, kwargs)\n             ^^^^^^^^^^^^^^^^^^^^^^^^^^^^^^^^^^^^^^^^^^^^^^^\n  File \"/opt/hostedtoolcache/Python/3.11.14/x64/lib/python3.11/site-packages/_pytest/fixtures.py\", line 915, in call_fixture_func\n    fixture_result = fixturefunc(**kwargs)\n                     ^^^^^^^^^^^^^^^^^^^^^\n  File \"/home/runner/work/Fast-Food-App/Fast-Food-App/backend/src/test/conftest.py\", line 71, in login_token\n    assert res.status_code == 200\n","steps":[],"attachments":[],"parameters":[],"shouldDisplayMessage":true,"stepsCount":0,"attachmentsCount":0,"hasContent":true,"attachmentStep":false}],"afterStages":[],"labels":[{"name":"parentSuite","value":"src.test.integration.auth_module"},{"name":"suite","value":"test_user_deactivate"},{"name":"host","value":"runnervm6qbrg"},{"name":"thread","value":"3011-MainThread"},{"name":"framework","value":"pytest"},{"name":"language","value":"cpython3"},{"name":"package","value":"src.test.integration.auth_module.test_user_deactivate"},{"name":"resultFormat","value":"allure2"}],"parameters":[],"links":[],"hidden":false,"retry":false,"extra":{"severity":"normal","retries":[],"categories":[{"name":"Product defects","matchedStatuses":[],"flaky":false}],"tags":[]},"source":"95b5d679d7f5d6d7.json","parameterValues":[]}